<?xml version="1.0" encoding="UTF-8"?>
<testng-results ignored="0" total="2" passed="2" failed="0" skipped="0">
  <reporter-output>
  </reporter-output>
  <suite started-at="2022-10-19T13:47:31 BST" name="All Test Suite" finished-at="2022-10-19T13:47:42 BST" duration-ms="10427">
    <groups>
    </groups>
    <test started-at="2022-10-19T13:47:31 BST" name="C:/Java/learningSel2" finished-at="2022-10-19T13:47:42 BST" duration-ms="10427">
      <class name="com.qt.selenium.WindowTabTest">
        <test-method is-config="true" signature="beforeTest()[pri:0, instance:com.qt.selenium.WindowTabTest@29176cc1]" started-at="2022-10-19T13:47:28 BST" name="beforeTest" finished-at="2022-10-19T13:47:31 BST" duration-ms="3114" status="PASS">
          <reporter-output>
          </reporter-output>
        </test-method> <!-- beforeTest -->
        <test-method signature="test()[pri:0, instance:com.qt.selenium.WindowTabTest@29176cc1]" started-at="2022-10-19T13:47:31 BST" name="test" finished-at="2022-10-19T13:47:37 BST" duration-ms="5747" status="PASS">
          <reporter-output>
          </reporter-output>
        </test-method> <!-- test -->
        <test-method is-config="true" signature="afterTest()[pri:0, instance:com.qt.selenium.WindowTabTest@29176cc1]" started-at="2022-10-19T13:47:42 BST" name="afterTest" finished-at="2022-10-19T13:47:42 BST" duration-ms="181" status="PASS">
          <reporter-output>
          </reporter-output>
        </test-method> <!-- afterTest -->
      </class> <!-- com.qt.selenium.WindowTabTest -->
      <class name="com.qt.selenium.mouseHoverTest">
        <test-method signature="test()[pri:0, instance:com.qt.selenium.mouseHoverTest@6ce139a4]" started-at="2022-10-19T13:47:37 BST" name="test" finished-at="2022-10-19T13:47:42 BST" duration-ms="4650" status="PASS">
          <reporter-output>
          </reporter-output>
        </test-method> <!-- test -->
      </class> <!-- com.qt.selenium.mouseHoverTest -->
    </test> <!-- C:/Java/learningSel2 -->
  </suite> <!-- All Test Suite -->
</testng-results>
